<?xml version="1.0" encoding="utf-8"?><testsuites name="pytest tests"><testsuite name="pytest" errors="0" failures="6" skipped="0" tests="55" time="9.704" timestamp="2026-04-28T19:51:30.430927+00:00" hostname="agent-env-f416dd1c-d461-496a-a13e-1cf2b8e6e3b7"><testcase classname="backend.tests.test_comprehensive_erp.TestAuth" name="test_login_success" time="0.352" /><testcase classname="backend.tests.test_comprehensive_erp.TestAuth" name="test_login_wrong_password" time="0.203" /><testcase classname="backend.tests.test_comprehensive_erp.TestAuth" name="test_auth_me" time="0.131" /><testcase classname="backend.tests.test_comprehensive_erp.TestMasterData" name="test_create_garment" time="0.226" /><testcase classname="backend.tests.test_comprehensive_erp.TestMasterData" name="test_list_garments" time="0.117" /><testcase classname="backend.tests.test_comprehensive_erp.TestMasterData" name="test_create_buyer" time="0.235" /><testcase classname="backend.tests.test_comprehensive_erp.TestMasterData" name="test_create_products" time="0.264" /><testcase classname="backend.tests.test_comprehensive_erp.TestMasterData" name="test_list_products_paginated" time="0.161" /><testcase classname="backend.tests.test_comprehensive_erp.TestMasterData" name="test_create_accessories" time="0.237" /><testcase classname="backend.tests.test_comprehensive_erp.TestProductionPO" name="test_create_po" time="0.383" /><testcase classname="backend.tests.test_comprehensive_erp.TestProductionPO" name="test_list_pos_paginated_envelope" time="0.144" /><testcase classname="backend.tests.test_comprehensive_erp.TestProductionPO" name="test_get_po_detail" time="0.133"><failure message="assert 500 == 200&#10; +  where 500 = &lt;Response [500]&gt;.status_code">backend/tests/test_comprehensive_erp.py:170: in test_get_po_detail
    assert r.status_code == 200
E   assert 500 == 200
E    +  where 500 = &lt;Response [500]&gt;.status_code</failure></testcase><testcase classname="backend.tests.test_comprehensive_erp.TestProductionPO" name="test_update_po_status" time="0.118" /><testcase classname="backend.tests.test_comprehensive_erp.TestBuyerShipmentValidations" name="test_reject_zero_qty_dispatch" time="0.130" /><testcase classname="backend.tests.test_comprehensive_erp.TestBuyerShipmentValidations" name="test_reject_phantom_shipment_no_production" time="0.117" /><testcase classname="backend.tests.test_comprehensive_erp.TestInvoiceAndPayment" name="test_create_manual_invoice" time="0.115"><failure message="AssertionError: {&quot;detail&quot;:&quot;source_po_id wajib diisi&quot;}&#10;assert 400 in (200, 201)&#10; +  where 400 = &lt;Response [400]&gt;.status_code">backend/tests/test_comprehensive_erp.py:223: in test_create_manual_invoice
    assert r.status_code in (200, 201), r.text
E   AssertionError: {"detail":"source_po_id wajib diisi"}
E   assert 400 in (200, 201)
E    +  where 400 = &lt;Response [400]&gt;.status_code</failure></testcase><testcase classname="backend.tests.test_comprehensive_erp.TestInvoiceAndPayment" name="test_list_invoices" time="0.117"><failure message="assert False&#10; +  where False = any(&lt;generator object TestInvoiceAndPayment.test_list_invoices.&lt;locals&gt;.&lt;genexpr&gt; at 0xfbe8f6451ee0&gt;)">backend/tests/test_comprehensive_erp.py:232: in test_list_invoices
    assert any(i["id"] == state["invoice_id"] for i in items)
E   assert False
E    +  where False = any(&lt;generator object TestInvoiceAndPayment.test_list_invoices.&lt;locals&gt;.&lt;genexpr&gt; at 0xfbe8f6451ee0&gt;)</failure></testcase><testcase classname="backend.tests.test_comprehensive_erp.TestInvoiceAndPayment" name="test_partial_payment" time="0.000"><failure message="KeyError: 'invoice_id'">backend/tests/test_comprehensive_erp.py:236: in test_partial_payment
    "invoice_id": state["invoice_id"],
                  ^^^^^^^^^^^^^^^^^^^
E   KeyError: 'invoice_id'</failure></testcase><testcase classname="backend.tests.test_comprehensive_erp.TestInvoiceAndPayment" name="test_full_payment" time="0.000"><failure message="KeyError: 'invoice_id'">backend/tests/test_comprehensive_erp.py:245: in test_full_payment
    "invoice_id": state["invoice_id"],
                  ^^^^^^^^^^^^^^^^^^^
E   KeyError: 'invoice_id'</failure></testcase><testcase classname="backend.tests.test_comprehensive_erp.TestPdfExport" name="test_pdf_production_po" time="0.375" /><testcase classname="backend.tests.test_comprehensive_erp.TestPdfExport" name="test_pdf_invoice" time="0.000"><failure message="KeyError: 'invoice_id'">backend/tests/test_comprehensive_erp.py:268: in test_pdf_invoice
    r = requests.get(f"{BASE_URL}/api/export-pdf?type=invoice&amp;id={state['invoice_id']}",
                                                                  ^^^^^^^^^^^^^^^^^^^
E   KeyError: 'invoice_id'</failure></testcase><testcase classname="backend.tests.test_comprehensive_erp.TestSmartImport" name="test_smart_import_upload" time="0.641" /><testcase classname="backend.tests.test_comprehensive_erp.TestListEndpointsSmoke" name="test_endpoint_reachable[/api/garments]" time="0.188" /><testcase classname="backend.tests.test_comprehensive_erp.TestListEndpointsSmoke" name="test_endpoint_reachable[/api/buyers]" time="0.120" /><testcase classname="backend.tests.test_comprehensive_erp.TestListEndpointsSmoke" name="test_endpoint_reachable[/api/products]" time="0.122" /><testcase classname="backend.tests.test_comprehensive_erp.TestListEndpointsSmoke" name="test_endpoint_reachable[/api/accessories]" time="0.114" /><testcase classname="backend.tests.test_comprehensive_erp.TestListEndpointsSmoke" name="test_endpoint_reachable[/api/production-pos]" time="0.227" /><testcase classname="backend.tests.test_comprehensive_erp.TestListEndpointsSmoke" name="test_endpoint_reachable[/api/vendor-shipments]" time="0.136" /><testcase classname="backend.tests.test_comprehensive_erp.TestListEndpointsSmoke" name="test_endpoint_reachable[/api/buyer-shipments]" time="0.128" /><testcase classname="backend.tests.test_comprehensive_erp.TestListEndpointsSmoke" name="test_endpoint_reachable[/api/production-jobs]" time="0.113" /><testcase classname="backend.tests.test_comprehensive_erp.TestListEndpointsSmoke" name="test_endpoint_reachable[/api/production-returns]" time="0.129" /><testcase classname="backend.tests.test_comprehensive_erp.TestListEndpointsSmoke" name="test_endpoint_reachable[/api/production-variances]" time="0.115" /><testcase classname="backend.tests.test_comprehensive_erp.TestListEndpointsSmoke" name="test_endpoint_reachable[/api/invoices]" time="0.128" /><testcase classname="backend.tests.test_comprehensive_erp.TestListEndpointsSmoke" name="test_endpoint_reachable[/api/payments]" time="0.109" /><testcase classname="backend.tests.test_comprehensive_erp.TestListEndpointsSmoke" name="test_endpoint_reachable[/api/users]" time="0.121" /><testcase classname="backend.tests.test_comprehensive_erp.TestListEndpointsSmoke" name="test_endpoint_reachable[/api/activity-logs]" time="0.115" /><testcase classname="backend.tests.test_comprehensive_erp.TestListEndpointsSmoke" name="test_endpoint_reachable[/api/company-settings]" time="0.197" /><testcase classname="backend.tests.test_comprehensive_erp.TestListEndpointsSmoke" name="test_endpoint_reachable[/api/dashboard]" time="0.148" /><testcase classname="backend.tests.test_comprehensive_erp.TestListEndpointsSmoke" name="test_endpoint_reachable[/api/financial-recap]" time="0.171" /><testcase classname="backend.tests.test_comprehensive_erp.TestListEndpointsSmoke" name="test_endpoint_reachable[/api/accounts-payable]" time="0.116" /><testcase classname="backend.tests.test_comprehensive_erp.TestListEndpointsSmoke" name="test_endpoint_reachable[/api/accounts-receivable]" time="0.136" /><testcase classname="backend.tests.test_comprehensive_erp.TestListEndpointsSmoke" name="test_endpoint_reachable[/api/distribusi-kerja]" time="0.300" /><testcase classname="backend.tests.test_comprehensive_erp.TestListEndpointsSmoke" name="test_endpoint_reachable[/api/production-monitoring-v2]" time="0.120" /><testcase classname="backend.tests.test_comprehensive_erp.TestListEndpointsSmoke" name="test_endpoint_reachable[/api/serial-list]" time="0.228" /><testcase classname="backend.tests.test_comprehensive_erp.TestListEndpointsSmoke" name="test_endpoint_reachable[/api/pdf-export-configs]" time="0.113" /><testcase classname="backend.tests.test_comprehensive_erp.TestListEndpointsSmoke" name="test_endpoint_reachable[/api/pdf-export-columns]" time="0.106" /><testcase classname="backend.tests.test_comprehensive_erp.TestListEndpointsSmoke" name="test_endpoint_reachable[/api/roles]" time="0.117" /><testcase classname="backend.tests.test_comprehensive_erp.TestListEndpointsSmoke" name="test_endpoint_reachable[/api/permissions]" time="0.124" /><testcase classname="backend.tests.test_comprehensive_erp.TestListEndpointsSmoke" name="test_endpoint_reachable[/api/reminders]" time="0.123" /><testcase classname="backend.tests.test_comprehensive_erp.TestZCleanup" name="test_cleanup_po" time="0.201" /><testcase classname="backend.tests.test_comprehensive_erp.TestZCleanup" name="test_cleanup_invoice" time="0.000" /><testcase classname="backend.tests.test_comprehensive_erp.TestZCleanup" name="test_cleanup_buyer" time="0.163" /><testcase classname="backend.tests.test_comprehensive_erp.TestZCleanup" name="test_cleanup_vendor" time="0.122" /><testcase classname="backend.tests.test_comprehensive_erp.TestZCleanup" name="test_cleanup_products" time="0.593" /><testcase classname="backend.tests.test_comprehensive_erp.TestZCleanup" name="test_cleanup_accessories" time="0.391" /></testsuite></testsuites>