<?xml version="1.0" encoding="utf-8"?><testsuites name="pytest tests"><testsuite name="pytest" errors="0" failures="1" skipped="0" tests="16" time="4.606" timestamp="2026-04-28T20:01:44.179358+00:00" hostname="agent-env-f416dd1c-d461-496a-a13e-1cf2b8e6e3b7"><testcase classname="backend.tests.test_iteration23_e2e.TestRegressionEnrich" name="test_get_po_detail_200" time="0.873" /><testcase classname="backend.tests.test_iteration23_e2e.TestFullChain" name="test_regression_get_vendor_shipment_detail_200" time="0.535" /><testcase classname="backend.tests.test_iteration23_e2e.TestFullChain" name="test_progress_overproduction_accepted" time="0.074" /><testcase classname="backend.tests.test_iteration23_e2e.TestFullChain" name="test_invariant_I1_defect_cap" time="0.162" /><testcase classname="backend.tests.test_iteration23_e2e.TestFullChain" name="test_variance_lifecycle" time="0.177" /><testcase classname="backend.tests.test_iteration23_e2e.TestFullChain" name="test_M1_zero_qty_buyer_shipment_rejected" time="0.088" /><testcase classname="backend.tests.test_iteration23_e2e.TestFullChain" name="test_C1_buyer_cap_enforced" time="0.207" /><testcase classname="backend.tests.test_iteration23_e2e.TestFullChain" name="test_C3_total_shipped_aggregation" time="0.063" /><testcase classname="backend.tests.test_iteration23_e2e.TestFullChain" name="test_H1_po_remaining_qty" time="0.056" /><testcase classname="backend.tests.test_iteration23_e2e.TestFullChain" name="test_C2_return_cap_and_H4" time="0.229" /><testcase classname="backend.tests.test_iteration23_e2e.TestFullChain" name="test_manual_invoice_create_and_update" time="0.119" /><testcase classname="backend.tests.test_iteration23_e2e.TestFullChain" name="test_payment_partial_then_full" time="0.212" /><testcase classname="backend.tests.test_iteration23_e2e.TestFullChain" name="test_financial_recap" time="0.052" /><testcase classname="backend.tests.test_iteration23_e2e.TestFullChain" name="test_pdf_export_po_and_vendor_shipment_and_invoice" time="0.294"><failure message="AssertionError: PDF invoice: 400 {&quot;error&quot;:&quot;Unknown PDF type: invoice&quot;,&quot;available_types&quot;:[&quot;production-po&quot;,&quot;vendor-shipment&quot;,&quot;buyer-shipment&quot;,&quot;buyer-shipment-dispatch&quot;,&quot;production-return&quot;,&quot;material-request&quot;,&quot;production-report&quot;,&quot;report-&#10;assert 400 == 200&#10; +  where 400 = &lt;Response [400]&gt;.status_code">backend/tests/test_iteration23_e2e.py:298: in test_pdf_export_po_and_vendor_shipment_and_invoice
    assert r3.status_code == 200, f"PDF invoice: {r3.status_code} {r3.text[:200]}"
E   AssertionError: PDF invoice: 400 {"error":"Unknown PDF type: invoice","available_types":["production-po","vendor-shipment","buyer-shipment","buyer-shipment-dispatch","production-return","material-request","production-report","report-
E   assert 400 == 200
E    +  where 400 = &lt;Response [400]&gt;.status_code</failure></testcase><testcase classname="backend.tests.test_iteration23_e2e.TestInvariantI1Strict" name="test_99_rejected" time="0.511" /><testcase classname="backend.tests.test_iteration23_e2e.TestInvariantI1Strict" name="test_97_accepted" time="0.837" /></testsuite></testsuites>